<?xml version="1.0" encoding="UTF-8"?>
<!-- Generated by org.testng.reporters.JUnitReportReporter -->
<testsuite hostname="DESKTOP-235TKBU" failures="0" tests="9" name="runner.TestRunner" time="176.334" errors="0" timestamp="2021-11-26T08:49:40 IST" skipped="0">
  <testcase classname="runner.TestRunner" name="runScenario" time="16.899"/>
  <system-out/>
  <testcase classname="runner.TestRunner" name="runScenario" time="18.416"/>
  <system-out/>
  <testcase classname="runner.TestRunner" name="runScenario" time="14.626"/>
  <system-out/>
  <testcase classname="runner.TestRunner" name="runScenario" time="23.436"/>
  <system-out/>
  <testcase classname="runner.TestRunner" name="runScenario" time="19.081"/>
  <system-out/>
  <testcase classname="runner.TestRunner" name="runScenario" time="17.554"/>
  <system-out/>
  <testcase classname="runner.TestRunner" name="runScenario" time="30.332"/>
  <system-out/>
  <testcase classname="runner.TestRunner" name="runScenario" time="15.396"/>
  <system-out/>
  <testcase classname="runner.TestRunner" name="runScenario" time="20.594"/>
  <system-out/>
</testsuite> <!-- runner.TestRunner -->
