<?xml version="1.0" encoding="UTF-8"?>
<!-- Generated by org.testng.reporters.JUnitReportReporter -->
<testsuite hostname="DESKTOP-235TKBU" failures="0" tests="1" name="pageobject.SigninPage" time="16.502" errors="0" timestamp="2021-11-26T08:49:40 IST" skipped="0">
  <testcase classname="pageobject.SigninPage" name="logintest" time="16.502"/>
  <system-out/>
</testsuite> <!-- pageobject.SigninPage -->
