<?xml version="1.0" encoding="UTF-8"?>
<!-- Generated by org.testng.reporters.JUnitReportReporter -->
<testsuite hostname="DESKTOP-235TKBU" failures="0" tests="1" name="pageobject.CorporateGifts" time="17.689" errors="0" timestamp="2021-11-26T08:49:40 IST" skipped="0">
  <testcase classname="pageobject.CorporateGifts" name="PersonalizedGift" time="17.689"/>
  <system-out/>
</testsuite> <!-- pageobject.CorporateGifts -->
